boot.log.status header information
[[0;32m  OK  [0m] Found device SAMSUNG_MZMPC032HBCD-000L1 2.
[[0;32m  OK  [0m] Found device SAMSUNG_MZMPC032HBCD-000L1 EFI\x20System\x20Partition.
[[0;32m  OK  [0m] Created slice system-lvm2\x2dpvscan.slice.
[[0;32m  OK  [0m] Found device ST500LM012_HN-M500MBB /virtmachine.
[[0;32m  OK  [0m] Found device ST500LM012_HN-M500MBB /backup.
[[0;32m  OK  [0m] Listening on Load/Save RF Kill Switch Status /dev/rfkill Watch.
         Starting Load/Save RF Kill Switch Status...
[[0;32m  OK  [0m] Found device /dev/mapper/fedora00-swap.
         Activating swap /dev/mapper/fedora00-swap...
[[0;32m  OK  [0m] Activated swap /dev/mapper/fedora00-swap.
[[0;32m  OK  [0m] Started Load/Save RF Kill Switch Status.
[[0;32m  OK  [0m] Reached target Swap.
         Mounting Temporary Directory (/tmp)...
[[0;32m  OK  [0m] Mounted Temporary Directory (/tmp).
[[0;32m  OK  [0m] Started udev Wait for Complete Device Initialization.
[[0;32m  OK  [0m] Started LVM2 metadata daemon.
         Starting LVM2 PV scan on device 8:3...
         Starting Activation of DM RAID sets...
[[0;32m  OK  [0m] Started Activation of DM RAID sets.
[[0;32m  OK  [0m] Reached target Local Encrypted Volumes.
[[0;32m  OK  [0m] Started Monitoring of LVM2 mirrors, snapshots etc. using dmeventd or progress polling.
[[0;32m  OK  [0m] Reached target Local File Systems (Pre).
         Starting File System Check on /dev/disk/by-uuid/239fed4e-464d-4087-86ed-3449b12228a5...
         Starting File System Check on /dev/sdb2...
         Starting File System Check on /dev/disk/by-uuid/A9BC-DCCE...
         Starting File System Check on /dev/sdb1...
[[0;32m  OK  [0m] Started File System Check on /dev/disk/by-uuid/239fed4e-464d-4087-86ed-3449b12228a5.
         Mounting /boot...
[[0;32m  OK  [0m] Started File System Check on /dev/disk/by-uuid/A9BC-DCCE.
[[0;32m  OK  [0m] Mounted /boot.
         Mounting /boot/efi...
[[0;32m  OK  [0m] Started LVM2 PV scan on device 8:3.
[[0;32m  OK  [0m] Mounted /boot/efi.
[[0;32m  OK  [0m] Started File System Check on /dev/sdb2.
         Mounting /mnt/backup...
[[0;32m  OK  [0m] Started File System Check on /dev/sdb1.
         Mounting /var/lib/libvirt...
         Starting Activation of DM RAID sets...
[[0;32m  OK  [0m] Mounted /mnt/backup.
[[0;32m  OK  [0m] Started Activation of DM RAID sets.
[[0;32m  OK  [0m] Mounted /var/lib/libvirt.
[[0;32m  OK  [0m] Reached target Local File Systems.
         Starting Tell Plymouth To Write Out Runtime Data...
         Starting Import network configuration from initramfs...
         Starting Restore /run/initramfs on shutdown...
         Starting Preprocess NFS configuration...
[[0;32m  OK  [0m] Started Restore /run/initramfs on shutdown.
[[0;32m  OK  [0m] Started Tell Plymouth To Write Out Runtime Data.
[[0;32m  OK  [0m] Started Preprocess NFS configuration.
[[0;32m  OK  [0m] Started Import network configuration from initramfs.
         Starting Create Volatile Files and Directories...
[[0;32m  OK  [0m] Started Create Volatile Files and Directories.
         Mounting RPC Pipe File System...
         Starting Security Auditing Service...
[[0;32m  OK  [0m] Started Security Auditing Service.
         Starting Update UTMP about System Boot/Shutdown...
[[0;32m  OK  [0m] Started Update UTMP about System Boot/Shutdown.
[[0;32m  OK  [0m] Reached target System Initialization.
[[0;32m  OK  [0m] Listening on Open-iSCSI iscsid Socket.
[[0;32m  OK  [0m] Listening on Avahi mDNS/DNS-SD Stack Activation Socket.
[[0;32m  OK  [0m] Listening on Virtual machine log manager socket.
[[0;32m  OK  [0m] Started daily update of the root trust anchor for DNSSEC.
[[0;32m  OK  [0m] Listening on Docker Block RHEL push plugin Socket for the API.
[[0;32m  OK  [0m] Listening on CUPS Scheduler.
[[0;32m  OK  [0m] Started dnf makecache timer.
[[0;32m  OK  [0m] Started CUPS Scheduler.
[[0;32m  OK  [0m] Reached target Paths.
[[0;32m  OK  [0m] Started Daily Cleanup of Temporary Directories.
[[0;32m  OK  [0m] Listening on D-Bus System Message Bus Socket.
[[0;32m  OK  [0m] Listening on Virtual machine lock manager socket.
[[0;32m  OK  [0m] Started Updates mlocate database every day.
[[0;32m  OK  [0m] Reached target Timers.
[[0;32m  OK  [0m] Listening on Open-iSCSI iscsiuio Socket.
[[0;32m  OK  [0m] Reached target Sockets.
[[0;32m  OK  [0m] Reached target Basic System.
         Starting Modem Manager...
         Starting Rollback uncommitted netcf network config change transactions...
[[0;32m  OK  [0m] Started Machine Check Exception Logging Daemon.
         Starting RealtimeKit Scheduling Policy Service...
[[0;32m  OK  [0m] Started Manage Sound Card State (restore and store).
[[0;32m  OK  [0m] Started Secure Boot DBX (blacklist) updater.
         Starting GSSAPI Proxy Daemon...
[[0;32m  OK  [0m] Started D-Bus System Message Bus.
[[0;32m  OK  [0m] Started RealtimeKit Scheduling Policy Service.
[[0;32m  OK  [0m] Reached target Sound Card.
         Starting firewalld - dynamic firewall daemon...
         Starting Docker Storage Setup...
         Starting LSB: Init script for live image....
         Starting Login Service...
[[0;32m  OK  [0m] Started Hardware RNG Entropy Gatherer Daemon.
         Starting Bluetooth service...
         Starting Switcheroo Control Proxy service...
         Starting Accounts Service...
         Starting Avahi mDNS/DNS-SD Stack...
[[0;32m  OK  [0m] Mounted RPC Pipe File System.
[[0;32m  OK  [0m] Started Rollback uncommitted netcf network config change transactions.
[[0;32m  OK  [0m] Started GSSAPI Proxy Daemon.
[[0;32m  OK  [0m] Started LSB: Init script for live image..
[[0;32m  OK  [0m] Started Switcheroo Control Proxy service.
[[0;32m  OK  [0m] Started Avahi mDNS/DNS-SD Stack.
[[0;32m  OK  [0m] Started Modem Manager.
[[0;32m  OK  [0m] Started Login Service.
         Starting update of the root trust anchor for DNSSEC validation in unbound...
[[0;32m  OK  [0m] Started Update a database for mlocate.
         Starting ABRT Automated Bug Reporting Tool...
         Starting SYSV: Late init script for live image....
         Starting NTP client/server...
[[0;32m  OK  [0m] Reached target rpc_pipefs.target.
[[0;32m  OK  [0m] Reached target NFS client services.
[[0;32m  OK  [0m] Started Bluetooth service.
[[0;32m  OK  [0m] Started SYSV: Late init script for live image..
         Starting Hostname Service...
[[0;32m  OK  [0m] Reached target Bluetooth.
[[0;32m  OK  [0m] Started update of the root trust anchor for DNSSEC validation in unbound.
         Starting Authorization Manager...
[[0;32m  OK  [0m] Started ABRT Automated Bug Reporting Tool.
[[0;32m  OK  [0m] Started Creates ABRT problems from coredumpctl messages.
[[0;32m  OK  [0m] Started ABRT kernel log watcher.
[[0;32m  OK  [0m] Started ABRT Xorg log watcher.
[[0;32m  OK  [0m] Started Authorization Manager.
[[0;32m  OK  [0m] Started Accounts Service.
[[0;32m  OK  [0m] Started Hostname Service.
[[0;32m  OK  [0m] Started NTP client/server.
[[0;1;31mFAILED[0m] Failed to start Docker Storage Setup.
See 'systemctl status docker-storage-setup.service' for details.
[[0;32m  OK  [0m] Started firewalld - dynamic firewall daemon.
[[0;32m  OK  [0m] Reached target Network (Pre).
         Starting Network Manager...
[[0;32m  OK  [0m] Started Network Manager.
[[0;32m  OK  [0m] Reached target Network.
         Starting SystemWide Container Registries...
[[0;32m  OK  [0m] Started DNS caching server..
[[0;32m  OK  [0m] Started Containerd Standalone OCI Container Daemon.
[[0;32m  OK  [0m] Started Logout off all iSCSI sessions on shutdown.
[[0;32m  OK  [0m] Reached target Remote File Systems (Pre).
[[0;32m  OK  [0m] Reached target Remote File Systems.
         Starting Permit User Sessions...
         Starting Virtualization daemon...
         Starting Network Manager Wait Online...
[[0;32m  OK  [0m] Started Permit User Sessions.
[[0;32m  OK  [0m] Started Job spooling tools.
         Starting Hold until boot process finishes up...
         Starting GNOME Display Manager...
[[0;32m  OK  [0m] Started Command Scheduler.
         Starting Network Manager Script Dispatcher Service...
[[0;32m  OK  [0m] Started Network Manager Script Dispatcher Service.
[[0;32m  OK  [0m] Started GNOME Display Manager.
[[0;32m  OK  [0m] Started Virtualization daemon.
         Starting WPA supplicant...
[[0;32m  OK  [0m] Started WPA supplicant.
